app/build/intermediates/manifest_merge_blame_file/debug/manifest-merger-blame-debug-report.txt
1<?xml version="1.0" encoding="utf-8"?>
2<manifest xmlns:android="http://schemas.android.com/apk/res/android"
3    package="org.trackasia.android.plugins.testapp" >
4
5    <uses-sdk
6        android:minSdkVersion="21"
7        android:targetSdkVersion="30" />
8
9    <uses-permission android:name="android.permission.ACCESS_FINE_LOCATION" />
9-->src/main/AndroidManifest.xml:5:3-76
9-->src/main/AndroidManifest.xml:5:20-74
10    <uses-permission android:name="android.permission.WRITE_EXTERNAL_STORAGE" />
10-->src/main/AndroidManifest.xml:6:3-78
10-->src/main/AndroidManifest.xml:6:20-76
11    <uses-permission android:name="android.permission.ACCESS_WIFI_STATE" />
11-->src/debug/AndroidManifest.xml:7:3-73
11-->src/debug/AndroidManifest.xml:7:20-71
12    <uses-permission android:name="android.permission.CHANGE_WIFI_STATE" />
12-->src/debug/AndroidManifest.xml:8:3-73
12-->src/debug/AndroidManifest.xml:8:20-71
13    <uses-permission android:name="android.permission.CHANGE_NETWORK_STATE" />
13-->src/debug/AndroidManifest.xml:9:3-76
13-->src/debug/AndroidManifest.xml:9:20-74
14    <uses-permission android:name="android.permission.INTERNET" />
14-->src/debug/AndroidManifest.xml:10:3-65
14-->src/debug/AndroidManifest.xml:10:20-62
15    <uses-permission android:name="android.permission.ACCESS_NETWORK_STATE" />
15-->src/debug/AndroidManifest.xml:11:3-77
15-->src/debug/AndroidManifest.xml:11:20-74
16    <!-- To store the heap dumps and leak analysis results. -->
17    <uses-permission android:name="android.permission.READ_EXTERNAL_STORAGE" /> <!-- To allow starting foreground services on Android P+ - https://developer.android.com/preview/behavior-changes#fg-svc -->
17-->[com.squareup.leakcanary:leakcanary-android:1.6.3] AndroidManifest.xml:23:5-80
17-->[com.squareup.leakcanary:leakcanary-android:1.6.3] AndroidManifest.xml:23:22-77
18    <uses-permission android:name="android.permission.FOREGROUND_SERVICE" />
18-->[com.squareup.leakcanary:leakcanary-android:1.6.3] AndroidManifest.xml:26:5-77
18-->[com.squareup.leakcanary:leakcanary-android:1.6.3] AndroidManifest.xml:26:22-74
19
20    <uses-feature
20-->[io.github.track-asia:android-sdk:2.0.0] AndroidManifest.xml:7:5-9:35
21        android:glEsVersion="0x00030000"
21-->[io.github.track-asia:android-sdk:2.0.0] AndroidManifest.xml:8:9-41
22        android:required="true" />
22-->[io.github.track-asia:android-sdk:2.0.0] AndroidManifest.xml:9:9-32
23    <uses-feature
23-->[io.github.track-asia:android-sdk:2.0.0] AndroidManifest.xml:10:5-12:36
24        android:name="android.hardware.wifi"
24-->[io.github.track-asia:android-sdk:2.0.0] AndroidManifest.xml:11:9-45
25        android:required="false" />
25-->[io.github.track-asia:android-sdk:2.0.0] AndroidManifest.xml:12:9-33
26
27    <uses-permission android:name="android.permission.ACCESS_COARSE_LOCATION" />
27-->[io.github.track-asia:android-sdk:2.0.0] AndroidManifest.xml:17:5-81
27-->[io.github.track-asia:android-sdk:2.0.0] AndroidManifest.xml:17:22-78
28
29    <application
29-->src/main/AndroidManifest.xml:8:3-250:17
30        android:name="org.trackasia.android.plugins.testapp.PluginApplication"
30-->src/main/AndroidManifest.xml:9:11-81
31        android:allowBackup="true"
31-->src/main/AndroidManifest.xml:10:11-37
32        android:appComponentFactory="androidx.core.app.CoreComponentFactory"
32-->[androidx.core:core:1.8.0] AndroidManifest.xml:24:18-86
33        android:debuggable="true"
34        android:icon="@mipmap/ic_launcher"
34-->src/main/AndroidManifest.xml:11:11-45
35        android:label="@string/app_name"
35-->src/main/AndroidManifest.xml:12:11-43
36        android:roundIcon="@mipmap/ic_launcher_round"
36-->src/main/AndroidManifest.xml:13:11-56
37        android:supportsRtl="true"
37-->src/main/AndroidManifest.xml:14:11-37
38        android:testOnly="true"
39        android:theme="@style/AppTheme" >
39-->src/main/AndroidManifest.xml:15:11-42
40        <activity
40-->src/debug/AndroidManifest.xml:14:5-17:54
41            android:name="org.trackasia.android.plugins.testapp.activity.TestActivity"
41-->src/debug/AndroidManifest.xml:15:9-83
42            android:label="@string/title_activity_test"
42-->src/debug/AndroidManifest.xml:16:9-52
43            android:theme="@style/AppTheme.NoActionBar" />
43-->src/debug/AndroidManifest.xml:17:9-52
44        <activity
44-->src/main/AndroidManifest.xml:17:5-23:16
45            android:name="org.trackasia.android.plugins.testapp.activity.FeatureOverviewActivity"
45-->src/main/AndroidManifest.xml:17:15-100
46            android:exported="true" >
46-->src/main/AndroidManifest.xml:18:9-32
47            <intent-filter>
47-->src/main/AndroidManifest.xml:19:7-22:23
48                <action android:name="android.intent.action.MAIN" />
48-->src/main/AndroidManifest.xml:20:9-60
48-->src/main/AndroidManifest.xml:20:17-58
49
50                <category android:name="android.intent.category.LAUNCHER" />
50-->src/main/AndroidManifest.xml:21:9-68
50-->src/main/AndroidManifest.xml:21:19-66
51            </intent-filter>
52        </activity> <!-- <activity -->
53        <!-- android:name=".activity.traffic.TrafficActivity" -->
54        <!-- android:description="@string/description_traffic" -->
55        <!-- android:label="@string/title_traffic"> -->
56        <!-- <meta-data -->
57        <!-- android:name="@string/category" -->
58        <!-- android:value="@string/category_navigation"/> -->
59        <!-- <meta-data -->
60        <!-- android:name="android.support.PARENT_ACTIVITY" -->
61        <!-- android:value=".activity.FeatureOverviewActivity"/> -->
62        <!-- </activity> -->
63        <!-- <activity -->
64        <!-- android:name=".activity.building.BuildingActivity" -->
65        <!-- android:description="@string/description_building" -->
66        <!-- android:label="@string/title_building"> -->
67        <!-- <meta-data -->
68        <!-- android:name="@string/category" -->
69        <!-- android:value="@string/category_extrusions"/> -->
70        <!-- <meta-data -->
71        <!-- android:name="android.support.PARENT_ACTIVITY" -->
72        <!-- android:value=".activity.FeatureOverviewActivity"/> -->
73        <!-- </activity> -->
74        <activity
74-->src/main/AndroidManifest.xml:46:5-56:16
75            android:name="org.trackasia.android.plugins.testapp.activity.offline.OfflineDownloadActivity"
75-->src/main/AndroidManifest.xml:47:7-100
76            android:description="@string/description_offline_plugin"
76-->src/main/AndroidManifest.xml:48:7-63
77            android:label="@string/title_offline_plugin" >
77-->src/main/AndroidManifest.xml:49:7-51
78            <meta-data
78-->src/main/AndroidManifest.xml:50:7-52:51
79                android:name="@string/category"
79-->src/main/AndroidManifest.xml:51:9-40
80                android:value="@string/category_offline" />
80-->src/main/AndroidManifest.xml:52:9-49
81            <meta-data
81-->src/main/AndroidManifest.xml:53:7-55:97
82                android:name="android.support.PARENT_ACTIVITY"
82-->src/main/AndroidManifest.xml:54:9-55
83                android:value="org.trackasia.android.plugins.testapp.activity.FeatureOverviewActivity" />
83-->src/main/AndroidManifest.xml:55:9-95
84        </activity>
85        <activity
85-->src/main/AndroidManifest.xml:57:5-67:16
86            android:name="org.trackasia.android.plugins.testapp.activity.offline.OfflineUiComponentsActivity"
86-->src/main/AndroidManifest.xml:58:7-104
87            android:description="@string/description_offline_ui_components"
87-->src/main/AndroidManifest.xml:59:7-70
88            android:label="@string/title_offline_ui_components" >
88-->src/main/AndroidManifest.xml:60:7-58
89            <meta-data
89-->src/main/AndroidManifest.xml:50:7-52:51
90                android:name="@string/category"
90-->src/main/AndroidManifest.xml:51:9-40
91                android:value="@string/category_offline" />
91-->src/main/AndroidManifest.xml:52:9-49
92            <meta-data
92-->src/main/AndroidManifest.xml:53:7-55:97
93                android:name="android.support.PARENT_ACTIVITY"
93-->src/main/AndroidManifest.xml:54:9-55
94                android:value="org.trackasia.android.plugins.testapp.activity.FeatureOverviewActivity" />
94-->src/main/AndroidManifest.xml:55:9-95
95        </activity>
96        <activity
96-->src/main/AndroidManifest.xml:68:5-78:16
97            android:name="org.trackasia.android.plugins.testapp.activity.offline.OfflineRegionListActivity"
97-->src/main/AndroidManifest.xml:69:7-102
98            android:description="@string/description_offline_regions"
98-->src/main/AndroidManifest.xml:70:7-64
99            android:label="@string/title_offline_regions" >
99-->src/main/AndroidManifest.xml:71:7-52
100            <meta-data
100-->src/main/AndroidManifest.xml:50:7-52:51
101                android:name="@string/category"
101-->src/main/AndroidManifest.xml:51:9-40
102                android:value="@string/category_offline" />
102-->src/main/AndroidManifest.xml:52:9-49
103            <meta-data
103-->src/main/AndroidManifest.xml:53:7-55:97
104                android:name="android.support.PARENT_ACTIVITY"
104-->src/main/AndroidManifest.xml:54:9-55
105                android:value="org.trackasia.android.plugins.testapp.activity.FeatureOverviewActivity" />
105-->src/main/AndroidManifest.xml:55:9-95
106        </activity>
107        <activity
107-->src/main/AndroidManifest.xml:79:5-83:43
108            android:name="org.trackasia.android.plugins.testapp.activity.offline.OfflineRegionDetailActivity"
108-->src/main/AndroidManifest.xml:80:7-104
109            android:description="@string/description_offline_regions"
109-->src/main/AndroidManifest.xml:81:7-64
110            android:label="@string/title_offline_regions"
110-->src/main/AndroidManifest.xml:82:7-52
111            android:theme="@style/Translucent" />
111-->src/main/AndroidManifest.xml:83:7-41
112        <activity
112-->src/main/AndroidManifest.xml:84:5-94:16
113            android:name="org.trackasia.android.plugins.testapp.activity.localization.LocalizationActivity"
113-->src/main/AndroidManifest.xml:85:7-102
114            android:description="@string/description_localization"
114-->src/main/AndroidManifest.xml:86:7-61
115            android:label="@string/title_localization" >
115-->src/main/AndroidManifest.xml:87:7-49
116            <meta-data
116-->src/main/AndroidManifest.xml:50:7-52:51
117                android:name="@string/category"
117-->src/main/AndroidManifest.xml:51:9-40
118                android:value="@string/category_localization" />
118-->src/main/AndroidManifest.xml:52:9-49
119            <meta-data
119-->src/main/AndroidManifest.xml:53:7-55:97
120                android:name="android.support.PARENT_ACTIVITY"
120-->src/main/AndroidManifest.xml:54:9-55
121                android:value="org.trackasia.android.plugins.testapp.activity.FeatureOverviewActivity" />
121-->src/main/AndroidManifest.xml:55:9-95
122        </activity>
123        <activity
123-->src/main/AndroidManifest.xml:95:5-105:16
124            android:name="org.trackasia.android.plugins.testapp.activity.annotation.SymbolActivity"
124-->src/main/AndroidManifest.xml:96:13-100
125            android:description="@string/description_symbol"
125-->src/main/AndroidManifest.xml:97:13-61
126            android:label="@string/title_symbol" >
126-->src/main/AndroidManifest.xml:98:13-49
127            <meta-data
127-->src/main/AndroidManifest.xml:50:7-52:51
128                android:name="@string/category"
128-->src/main/AndroidManifest.xml:51:9-40
129                android:value="@string/category_annotation" />
129-->src/main/AndroidManifest.xml:52:9-49
130            <meta-data
130-->src/main/AndroidManifest.xml:53:7-55:97
131                android:name="android.support.PARENT_ACTIVITY"
131-->src/main/AndroidManifest.xml:54:9-55
132                android:value="org.trackasia.android.plugins.testapp.activity.FeatureOverviewActivity" />
132-->src/main/AndroidManifest.xml:55:9-95
133        </activity>
134        <activity
134-->src/main/AndroidManifest.xml:106:5-116:16
135            android:name="org.trackasia.android.plugins.testapp.activity.annotation.PressForSymbolActivity"
135-->src/main/AndroidManifest.xml:107:13-108
136            android:description="@string/description_symbol_press"
136-->src/main/AndroidManifest.xml:108:13-67
137            android:label="@string/title_symbol_press" >
137-->src/main/AndroidManifest.xml:109:13-55
138            <meta-data
138-->src/main/AndroidManifest.xml:50:7-52:51
139                android:name="@string/category"
139-->src/main/AndroidManifest.xml:51:9-40
140                android:value="@string/category_annotation" />
140-->src/main/AndroidManifest.xml:52:9-49
141            <meta-data
141-->src/main/AndroidManifest.xml:53:7-55:97
142                android:name="android.support.PARENT_ACTIVITY"
142-->src/main/AndroidManifest.xml:54:9-55
143                android:value="org.trackasia.android.plugins.testapp.activity.FeatureOverviewActivity" />
143-->src/main/AndroidManifest.xml:55:9-95
144        </activity>
145        <activity
145-->src/main/AndroidManifest.xml:117:5-127:16
146            android:name="org.trackasia.android.plugins.testapp.activity.annotation.BulkSymbolActivity"
146-->src/main/AndroidManifest.xml:118:13-104
147            android:description="@string/description_symbol_bulk"
147-->src/main/AndroidManifest.xml:119:13-66
148            android:label="@string/title_symbol_bulk" >
148-->src/main/AndroidManifest.xml:120:13-54
149            <meta-data
149-->src/main/AndroidManifest.xml:50:7-52:51
150                android:name="@string/category"
150-->src/main/AndroidManifest.xml:51:9-40
151                android:value="@string/category_annotation" />
151-->src/main/AndroidManifest.xml:52:9-49
152            <meta-data
152-->src/main/AndroidManifest.xml:53:7-55:97
153                android:name="android.support.PARENT_ACTIVITY"
153-->src/main/AndroidManifest.xml:54:9-55
154                android:value="org.trackasia.android.plugins.testapp.activity.FeatureOverviewActivity" />
154-->src/main/AndroidManifest.xml:55:9-95
155        </activity>
156        <activity
156-->src/main/AndroidManifest.xml:128:5-138:16
157            android:name="org.trackasia.android.plugins.testapp.activity.annotation.ClusterSymbolActivity"
157-->src/main/AndroidManifest.xml:129:9-103
158            android:description="@string/description_symbol_cluster"
158-->src/main/AndroidManifest.xml:130:9-65
159            android:label="@string/title_symbol_cluster" >
159-->src/main/AndroidManifest.xml:131:9-53
160            <meta-data
160-->src/main/AndroidManifest.xml:50:7-52:51
161                android:name="@string/category"
161-->src/main/AndroidManifest.xml:51:9-40
162                android:value="@string/category_annotation" />
162-->src/main/AndroidManifest.xml:52:9-49
163            <meta-data
163-->src/main/AndroidManifest.xml:53:7-55:97
164                android:name="android.support.PARENT_ACTIVITY"
164-->src/main/AndroidManifest.xml:54:9-55
165                android:value="org.trackasia.android.plugins.testapp.activity.FeatureOverviewActivity" />
165-->src/main/AndroidManifest.xml:55:9-95
166        </activity>
167        <activity
167-->src/main/AndroidManifest.xml:139:5-149:16
168            android:name="org.trackasia.android.plugins.testapp.activity.annotation.DynamicSymbolChangeActivity"
168-->src/main/AndroidManifest.xml:140:13-113
169            android:description="@string/description_symbol_change"
169-->src/main/AndroidManifest.xml:141:13-68
170            android:label="@string/title_symbol_change" >
170-->src/main/AndroidManifest.xml:142:13-56
171            <meta-data
171-->src/main/AndroidManifest.xml:50:7-52:51
172                android:name="@string/category"
172-->src/main/AndroidManifest.xml:51:9-40
173                android:value="@string/category_annotation" />
173-->src/main/AndroidManifest.xml:52:9-49
174            <meta-data
174-->src/main/AndroidManifest.xml:53:7-55:97
175                android:name="android.support.PARENT_ACTIVITY"
175-->src/main/AndroidManifest.xml:54:9-55
176                android:value="org.trackasia.android.plugins.testapp.activity.FeatureOverviewActivity" />
176-->src/main/AndroidManifest.xml:55:9-95
177        </activity>
178        <activity
178-->src/main/AndroidManifest.xml:150:5-160:16
179            android:name="org.trackasia.android.plugins.testapp.activity.annotation.FillActivity"
179-->src/main/AndroidManifest.xml:151:13-98
180            android:description="@string/description_fill"
180-->src/main/AndroidManifest.xml:152:13-59
181            android:label="@string/title_fill" >
181-->src/main/AndroidManifest.xml:153:13-47
182            <meta-data
182-->src/main/AndroidManifest.xml:50:7-52:51
183                android:name="@string/category"
183-->src/main/AndroidManifest.xml:51:9-40
184                android:value="@string/category_annotation" />
184-->src/main/AndroidManifest.xml:52:9-49
185            <meta-data
185-->src/main/AndroidManifest.xml:53:7-55:97
186                android:name="android.support.PARENT_ACTIVITY"
186-->src/main/AndroidManifest.xml:54:9-55
187                android:value="org.trackasia.android.plugins.testapp.activity.FeatureOverviewActivity" />
187-->src/main/AndroidManifest.xml:55:9-95
188        </activity>
189        <activity
189-->src/main/AndroidManifest.xml:161:5-171:16
190            android:name="org.trackasia.android.plugins.testapp.activity.annotation.FillChangeActivity"
190-->src/main/AndroidManifest.xml:162:13-104
191            android:description="@string/description_fill_change"
191-->src/main/AndroidManifest.xml:163:13-66
192            android:label="@string/title_fill_change" >
192-->src/main/AndroidManifest.xml:164:13-54
193            <meta-data
193-->src/main/AndroidManifest.xml:50:7-52:51
194                android:name="@string/category"
194-->src/main/AndroidManifest.xml:51:9-40
195                android:value="@string/category_annotation" />
195-->src/main/AndroidManifest.xml:52:9-49
196            <meta-data
196-->src/main/AndroidManifest.xml:53:7-55:97
197                android:name="android.support.PARENT_ACTIVITY"
197-->src/main/AndroidManifest.xml:54:9-55
198                android:value="org.trackasia.android.plugins.testapp.activity.FeatureOverviewActivity" />
198-->src/main/AndroidManifest.xml:55:9-95
199        </activity>
200        <activity
200-->src/main/AndroidManifest.xml:172:5-182:16
201            android:name="org.trackasia.android.plugins.testapp.activity.annotation.CircleActivity"
201-->src/main/AndroidManifest.xml:173:13-100
202            android:description="@string/description_circle"
202-->src/main/AndroidManifest.xml:174:13-61
203            android:label="@string/title_circle" >
203-->src/main/AndroidManifest.xml:175:13-49
204            <meta-data
204-->src/main/AndroidManifest.xml:50:7-52:51
205                android:name="@string/category"
205-->src/main/AndroidManifest.xml:51:9-40
206                android:value="@string/category_annotation" />
206-->src/main/AndroidManifest.xml:52:9-49
207            <meta-data
207-->src/main/AndroidManifest.xml:53:7-55:97
208                android:name="android.support.PARENT_ACTIVITY"
208-->src/main/AndroidManifest.xml:54:9-55
209                android:value="org.trackasia.android.plugins.testapp.activity.FeatureOverviewActivity" />
209-->src/main/AndroidManifest.xml:55:9-95
210        </activity>
211        <activity
211-->src/main/AndroidManifest.xml:183:5-193:16
212            android:name="org.trackasia.android.plugins.testapp.activity.annotation.LineActivity"
212-->src/main/AndroidManifest.xml:184:13-98
213            android:description="@string/description_line"
213-->src/main/AndroidManifest.xml:185:13-59
214            android:label="@string/title_line" >
214-->src/main/AndroidManifest.xml:186:13-47
215            <meta-data
215-->src/main/AndroidManifest.xml:50:7-52:51
216                android:name="@string/category"
216-->src/main/AndroidManifest.xml:51:9-40
217                android:value="@string/category_annotation" />
217-->src/main/AndroidManifest.xml:52:9-49
218            <meta-data
218-->src/main/AndroidManifest.xml:53:7-55:97
219                android:name="android.support.PARENT_ACTIVITY"
219-->src/main/AndroidManifest.xml:54:9-55
220                android:value="org.trackasia.android.plugins.testapp.activity.FeatureOverviewActivity" />
220-->src/main/AndroidManifest.xml:55:9-95
221        </activity>
222        <activity
222-->src/main/AndroidManifest.xml:194:5-204:16
223            android:name="org.trackasia.android.plugins.testapp.activity.annotation.LineChangeActivity"
223-->src/main/AndroidManifest.xml:195:13-104
224            android:description="@string/description_line_change"
224-->src/main/AndroidManifest.xml:196:13-66
225            android:label="@string/title_line_change" >
225-->src/main/AndroidManifest.xml:197:13-54
226            <meta-data
226-->src/main/AndroidManifest.xml:50:7-52:51
227                android:name="@string/category"
227-->src/main/AndroidManifest.xml:51:9-40
228                android:value="@string/category_annotation" />
228-->src/main/AndroidManifest.xml:52:9-49
229            <meta-data
229-->src/main/AndroidManifest.xml:53:7-55:97
230                android:name="android.support.PARENT_ACTIVITY"
230-->src/main/AndroidManifest.xml:54:9-55
231                android:value="org.trackasia.android.plugins.testapp.activity.FeatureOverviewActivity" />
231-->src/main/AndroidManifest.xml:55:9-95
232        </activity>
233        <activity
233-->src/main/AndroidManifest.xml:205:5-215:16
234            android:name="org.trackasia.android.plugins.testapp.activity.markerview.MarkerViewActivity"
234-->src/main/AndroidManifest.xml:206:13-104
235            android:description="@string/description_markerview"
235-->src/main/AndroidManifest.xml:207:13-65
236            android:label="@string/title_markerview" >
236-->src/main/AndroidManifest.xml:208:13-53
237            <meta-data
237-->src/main/AndroidManifest.xml:50:7-52:51
238                android:name="@string/category"
238-->src/main/AndroidManifest.xml:51:9-40
239                android:value="@string/category_markerview" />
239-->src/main/AndroidManifest.xml:52:9-49
240            <meta-data
240-->src/main/AndroidManifest.xml:53:7-55:97
241                android:name="android.support.PARENT_ACTIVITY"
241-->src/main/AndroidManifest.xml:54:9-55
242                android:value="org.trackasia.android.plugins.testapp.activity.FeatureOverviewActivity" />
242-->src/main/AndroidManifest.xml:55:9-95
243        </activity>
244        <activity
244-->src/main/AndroidManifest.xml:217:5-227:16
245            android:name="org.trackasia.android.plugins.testapp.activity.ktx.maps.TrackAsiaKtxActivity"
245-->src/main/AndroidManifest.xml:218:13-104
246            android:description="@string/description_ktx"
246-->src/main/AndroidManifest.xml:219:13-58
247            android:label="@string/title_ktx" >
247-->src/main/AndroidManifest.xml:220:13-46
248            <meta-data
248-->src/main/AndroidManifest.xml:50:7-52:51
249                android:name="@string/category"
249-->src/main/AndroidManifest.xml:51:9-40
250                android:value="@string/category_ktx" />
250-->src/main/AndroidManifest.xml:52:9-49
251            <meta-data
251-->src/main/AndroidManifest.xml:53:7-55:97
252                android:name="android.support.PARENT_ACTIVITY"
252-->src/main/AndroidManifest.xml:54:9-55
253                android:value="org.trackasia.android.plugins.testapp.activity.FeatureOverviewActivity" />
253-->src/main/AndroidManifest.xml:55:9-95
254        </activity>
255        <activity
255-->src/main/AndroidManifest.xml:229:5-239:16
256            android:name="org.trackasia.android.plugins.testapp.activity.scalebar.ScalebarActivity"
256-->src/main/AndroidManifest.xml:230:13-100
257            android:description="@string/description_scalebar"
257-->src/main/AndroidManifest.xml:231:13-63
258            android:label="@string/title_scalebar" >
258-->src/main/AndroidManifest.xml:232:13-51
259            <meta-data
259-->src/main/AndroidManifest.xml:50:7-52:51
260                android:name="@string/category"
260-->src/main/AndroidManifest.xml:51:9-40
261                android:value="@string/category_scalebar" />
261-->src/main/AndroidManifest.xml:52:9-49
262            <meta-data
262-->src/main/AndroidManifest.xml:53:7-55:97
263                android:name="android.support.PARENT_ACTIVITY"
263-->src/main/AndroidManifest.xml:54:9-55
264                android:value="org.trackasia.android.plugins.testapp.activity.FeatureOverviewActivity" />
264-->src/main/AndroidManifest.xml:55:9-95
265        </activity>
266
267        <service
267-->src/main/AndroidManifest.xml:241:5-243:33
268            android:name="org.trackasia.android.plugins.offline.offline.OfflineDownloadService"
268-->src/main/AndroidManifest.xml:242:7-90
269            android:exported="false" />
269-->src/main/AndroidManifest.xml:243:7-31
270
271        <receiver android:name="org.trackasia.android.plugins.offline.offline.OfflineDownloadStateReceiver" >
271-->src/main/AndroidManifest.xml:245:5-249:16
271-->src/main/AndroidManifest.xml:245:15-104
272            <intent-filter>
272-->src/main/AndroidManifest.xml:246:7-248:23
273                <action android:name="org.trackasia.android.plugins.offline" />
273-->src/main/AndroidManifest.xml:247:9-71
273-->src/main/AndroidManifest.xml:247:17-69
274            </intent-filter>
275        </receiver>
276
277        <service
277-->[com.squareup.leakcanary:leakcanary-android:1.6.3] AndroidManifest.xml:29:9-32:45
278            android:name="com.squareup.leakcanary.internal.HeapAnalyzerService"
278-->[com.squareup.leakcanary:leakcanary-android:1.6.3] AndroidManifest.xml:30:13-80
279            android:enabled="false"
279-->[com.squareup.leakcanary:leakcanary-android:1.6.3] AndroidManifest.xml:31:13-36
280            android:process=":leakcanary" />
280-->[com.squareup.leakcanary:leakcanary-android:1.6.3] AndroidManifest.xml:32:13-42
281        <service
281-->[com.squareup.leakcanary:leakcanary-android:1.6.3] AndroidManifest.xml:33:9-36:45
282            android:name="com.squareup.leakcanary.DisplayLeakService"
282-->[com.squareup.leakcanary:leakcanary-android:1.6.3] AndroidManifest.xml:34:13-70
283            android:enabled="false"
283-->[com.squareup.leakcanary:leakcanary-android:1.6.3] AndroidManifest.xml:35:13-36
284            android:process=":leakcanary" />
284-->[com.squareup.leakcanary:leakcanary-android:1.6.3] AndroidManifest.xml:36:13-42
285
286        <provider
286-->[com.squareup.leakcanary:leakcanary-android:1.6.3] AndroidManifest.xml:38:9-46:20
287            android:name="com.squareup.leakcanary.internal.LeakCanaryFileProvider"
287-->[com.squareup.leakcanary:leakcanary-android:1.6.3] AndroidManifest.xml:39:13-83
288            android:authorities="com.squareup.leakcanary.fileprovider.org.trackasia.android.plugins.testapp"
288-->[com.squareup.leakcanary:leakcanary-android:1.6.3] AndroidManifest.xml:40:13-88
289            android:exported="false"
289-->[com.squareup.leakcanary:leakcanary-android:1.6.3] AndroidManifest.xml:41:13-37
290            android:grantUriPermissions="true" >
290-->[com.squareup.leakcanary:leakcanary-android:1.6.3] AndroidManifest.xml:42:13-47
291            <meta-data
291-->[com.squareup.leakcanary:leakcanary-android:1.6.3] AndroidManifest.xml:43:13-45:66
292                android:name="android.support.FILE_PROVIDER_PATHS"
292-->[com.squareup.leakcanary:leakcanary-android:1.6.3] AndroidManifest.xml:44:17-67
293                android:resource="@xml/leak_canary_file_paths" />
293-->[com.squareup.leakcanary:leakcanary-android:1.6.3] AndroidManifest.xml:45:17-63
294        </provider>
295
296        <activity
296-->[com.squareup.leakcanary:leakcanary-android:1.6.3] AndroidManifest.xml:48:9-61:20
297            android:name="com.squareup.leakcanary.internal.DisplayLeakActivity"
297-->[com.squareup.leakcanary:leakcanary-android:1.6.3] AndroidManifest.xml:49:13-80
298            android:enabled="false"
298-->[com.squareup.leakcanary:leakcanary-android:1.6.3] AndroidManifest.xml:50:13-36
299            android:icon="@mipmap/leak_canary_icon"
299-->[com.squareup.leakcanary:leakcanary-android:1.6.3] AndroidManifest.xml:51:13-52
300            android:label="@string/leak_canary_display_activity_label"
300-->[com.squareup.leakcanary:leakcanary-android:1.6.3] AndroidManifest.xml:52:13-71
301            android:process=":leakcanary"
301-->[com.squareup.leakcanary:leakcanary-android:1.6.3] AndroidManifest.xml:53:13-42
302            android:taskAffinity="com.squareup.leakcanary.org.trackasia.android.plugins.testapp"
302-->[com.squareup.leakcanary:leakcanary-android:1.6.3] AndroidManifest.xml:54:13-76
303            android:theme="@style/leak_canary_LeakCanary.Base" >
303-->[com.squareup.leakcanary:leakcanary-android:1.6.3] AndroidManifest.xml:55:13-63
304            <intent-filter>
304-->src/main/AndroidManifest.xml:19:7-22:23
305                <action android:name="android.intent.action.MAIN" />
305-->src/main/AndroidManifest.xml:20:9-60
305-->src/main/AndroidManifest.xml:20:17-58
306
307                <category android:name="android.intent.category.LAUNCHER" />
307-->src/main/AndroidManifest.xml:21:9-68
307-->src/main/AndroidManifest.xml:21:19-66
308            </intent-filter>
309        </activity>
310        <activity
310-->[com.squareup.leakcanary:leakcanary-android:1.6.3] AndroidManifest.xml:62:9-71:68
311            android:name="com.squareup.leakcanary.internal.RequestStoragePermissionActivity"
311-->[com.squareup.leakcanary:leakcanary-android:1.6.3] AndroidManifest.xml:63:13-93
312            android:enabled="false"
312-->[com.squareup.leakcanary:leakcanary-android:1.6.3] AndroidManifest.xml:64:13-36
313            android:excludeFromRecents="true"